#
# There is insufficient memory for the Java Runtime Environment to continue.
# Native memory allocation (malloc) failed to allocate 32744 bytes for ChunkPool::allocate
# Possible reasons:
#   The system is out of physical RAM or swap space
#   In 32 bit mode, the process size limit was hit
# Possible solutions:
#   Reduce memory load on the system
#   Increase physical memory or swap space
#   Check if swap backing store is full
#   Use 64 bit Java on a 64 bit OS
#   Decrease Java heap size (-Xmx/-Xms)
#   Decrease number of Java threads
#   Decrease Java thread stack sizes (-Xss)
#   Set larger code cache with -XX:ReservedCodeCacheSize=
# This output file may be truncated or incomplete.
#
#  Out of Memory Error (allocation.cpp:273), pid=15228, tid=0x0000000000003ac8
#
# JRE version: Java(TM) SE Runtime Environment (8.0_131-b11) (build 1.8.0_131-b11)
# Java VM: Java HotSpot(TM) 64-Bit Server VM (25.131-b11 mixed mode windows-amd64 compressed oops)
# Failed to write core dump. Minidumps are not enabled by default on client versions of Windows
#

---------------  T H R E A D  ---------------

Current thread (0x0000000018de8800):  JavaThread "C1 CompilerThread2" daemon [_thread_in_native, id=15048, stack(0x00000000191e0000,0x00000000192e0000)]

Stack: [0x00000000191e0000,0x00000000192e0000]
[error occurred during error reporting (printing stack bounds), id 0xc0000005]

Native frames: (J=compiled Java code, j=interpreted, Vv=VM code, C=native code)


Current CompileTask:
C1:   6879 2691       2       com.sun.tools.javac.jvm.ClassWriter::writeStackMapType (500 bytes)


---------------  P R O C E S S  ---------------

Java Threads: ( => current thread )
  0x0000000018e0b000 JavaThread "Service Thread" daemon [_thread_blocked, id=18088, stack(0x00000000192e0000,0x00000000193e0000)]
=>0x0000000018de8800 JavaThread "C1 CompilerThread2" daemon [_thread_in_native, id=15048, stack(0x00000000191e0000,0x00000000192e0000)]
  0x00000000175bf000 JavaThread "C2 CompilerThread1" daemon [_thread_in_native, id=14572, stack(0x0000000018ce0000,0x0000000018de0000)]
  0x0000000017572800 JavaThread "C2 CompilerThread0" daemon [_thread_in_native, id=10684, stack(0x0000000018be0000,0x0000000018ce0000)]
  0x000000001756f800 JavaThread "Attach Listener" daemon [_thread_blocked, id=15976, stack(0x0000000018ae0000,0x0000000018be0000)]
  0x000000001756c800 JavaThread "Signal Dispatcher" daemon [_thread_blocked, id=16284, stack(0x00000000189e0000,0x0000000018ae0000)]
  0x0000000002a0d800 JavaThread "Finalizer" daemon [_thread_blocked, id=15160, stack(0x00000000187d0000,0x00000000188d0000)]
  0x0000000002a02000 JavaThread "Reference Handler" daemon [_thread_blocked, id=15936, stack(0x00000000186d0000,0x00000000187d0000)]
  0x0000000002912800 JavaThread "main" [_thread_in_Java, id=10000, stack(0x0000000002780000,0x0000000002880000)]

Other Threads:
  0x0000000017537800 VMThread [stack: 0x00000000185d0000,0x00000000186d0000] [id=4624]
  0x0000000018e0d800 WatcherThread [stack: 0x00000000193e0000,0x00000000194e0000] [id=8440]

VM state:not at safepoint (normal execution)

VM Mutex/Monitor currently owned by a thread: None

Heap:
 PSYoungGen      total 44032K, used 9216K [0x00000000d5d00000, 0x00000000d9400000, 0x0000000100000000)
  eden space 31744K, 1% used [0x00000000d5d00000,0x00000000d5d9df78,0x00000000d7c00000)
  from space 12288K, 69% used [0x00000000d7c00000,0x00000000d84621e8,0x00000000d8800000)
  to   space 11264K, 0% used [0x00000000d8900000,0x00000000d8900000,0x00000000d9400000)
 ParOldGen       total 48640K, used 33069K [0x0000000081600000, 0x0000000084580000, 0x00000000d5d00000)
  object space 48640K, 67% used [0x0000000081600000,0x000000008364b440,0x0000000084580000)
 Metaspace       used 9991K, capacity 10336K, committed 10624K, reserved 1058816K
  class space    used 1048K, capacity 1108K, committed 1152K, reserved 1048576K

Card table byte_map: [0x0000000011dd0000,0x00000000121d0000] byte_map_base: 0x00000000119c5000

Marking Bits: (ParMarkBitMap*) 0x000000007235c720
 Begin Bits: [0x0000000012880000, 0x0000000014828000)
 End Bits:   [0x0000000014828000, 0x00000000167d0000)

Polling page: 0x0000000000b20000

CodeCache: size=245760Kb used=10015Kb max_used=10017Kb free=235744Kb
 bounds [0x0000000002a10000, 0x00000000033f0000, 0x0000000011a10000]
 total_blobs=2637 nmethods=2340 adapters=209
 compilation: enabled

Compilation events (10 events):
Event: 6.827 Thread 0x0000000018de8800 nmethod 2685 0x00000000033d95d0 code [0x00000000033d9760, 0x00000000033d9a88]
Event: 6.827 Thread 0x0000000018de8800 2684       2       com.sun.tools.javac.comp.Check::validate (8 bytes)
Event: 6.827 Thread 0x0000000018de8800 nmethod 2684 0x00000000033d9150 code [0x00000000033d92c0, 0x00000000033d94c8]
Event: 6.841 Thread 0x0000000018de8800 2687       2       com.sun.tools.javac.code.Type$ClassType::constType (24 bytes)
Event: 6.841 Thread 0x0000000018de8800 nmethod 2687 0x00000000033d8c90 code [0x00000000033d8e00, 0x00000000033d9058]
Event: 6.842 Thread 0x0000000018de8800 2688       2       com.sun.tools.javac.code.Types$26::visitTypeVar (10 bytes)
Event: 6.842 Thread 0x0000000018de8800 nmethod 2688 0x00000000033d8810 code [0x00000000033d8980, 0x00000000033d8b38]
Event: 6.872 Thread 0x0000000018de8800 2690       2       com.sun.tools.javac.jvm.UninitializedType::uninitializedThis (13 bytes)
Event: 6.872 Thread 0x0000000018de8800 nmethod 2690 0x00000000033d8010 code [0x00000000033d8160, 0x00000000033d8350]
Event: 6.874 Thread 0x0000000018de8800 2691       2       com.sun.tools.javac.jvm.ClassWriter::writeStackMapType (500 bytes)

GC Heap History (10 events):
Event: 2.957 GC heap before
{Heap before GC invocations=17 (full 3):
 PSYoungGen      total 35840K, used 7661K [0x00000000d5d00000, 0x00000000d9000000, 0x0000000100000000)
  eden space 28160K, 0% used [0x00000000d5d00000,0x00000000d5d00000,0x00000000d7880000)
  from space 7680K, 99% used [0x00000000d8300000,0x00000000d8a7b440,0x00000000d8a80000)
  to   space 10752K, 0% used [0x00000000d7880000,0x00000000d7880000,0x00000000d8300000)
 ParOldGen       total 22016K, used 21203K [0x0000000081600000, 0x0000000082b80000, 0x00000000d5d00000)
  object space 22016K, 96% used [0x0000000081600000,0x0000000082ab4ce0,0x0000000082b80000)
 Metaspace       used 7741K, capacity 8436K, committed 8704K, reserved 1056768K
  class space    used 911K, capacity 944K, committed 1024K, reserved 1048576K
Event: 3.089 GC heap after
Heap after GC invocations=17 (full 3):
 PSYoungGen      total 35840K, used 5960K [0x00000000d5d00000, 0x00000000d9000000, 0x0000000100000000)
  eden space 28160K, 0% used [0x00000000d5d00000,0x00000000d5d00000,0x00000000d7880000)
  from space 7680K, 77% used [0x00000000d8300000,0x00000000d88d23e0,0x00000000d8a80000)
  to   space 10752K, 0% used [0x00000000d7880000,0x00000000d7880000,0x00000000d8300000)
 ParOldGen       total 33280K, used 22015K [0x0000000081600000, 0x0000000083680000, 0x00000000d5d00000)
  object space 33280K, 66% used [0x0000000081600000,0x0000000082b7ffb8,0x0000000083680000)
 Metaspace       used 7741K, capacity 8436K, committed 8704K, reserved 1056768K
  class space    used 911K, capacity 944K, committed 1024K, reserved 1048576K
}
Event: 3.826 GC heap before
{Heap before GC invocations=18 (full 3):
 PSYoungGen      total 35840K, used 34120K [0x00000000d5d00000, 0x00000000d9000000, 0x0000000100000000)
  eden space 28160K, 100% used [0x00000000d5d00000,0x00000000d7880000,0x00000000d7880000)
  from space 7680K, 77% used [0x00000000d8300000,0x00000000d88d23e0,0x00000000d8a80000)
  to   space 10752K, 0% used [0x00000000d7880000,0x00000000d7880000,0x00000000d8300000)
 ParOldGen       total 33280K, used 22015K [0x0000000081600000, 0x0000000083680000, 0x00000000d5d00000)
  object space 33280K, 66% used [0x0000000081600000,0x0000000082b7ffb8,0x0000000083680000)
 Metaspace       used 8163K, capacity 8820K, committed 8960K, reserved 1056768K
  class space    used 925K, capacity 944K, committed 1024K, reserved 1048576K
Event: 3.862 GC heap after
Heap after GC invocations=18 (full 3):
 PSYoungGen      total 38912K, used 9560K [0x00000000d5d00000, 0x00000000d9500000, 0x0000000100000000)
  eden space 28160K, 0% used [0x00000000d5d00000,0x00000000d5d00000,0x00000000d7880000)
  from space 10752K, 88% used [0x00000000d7880000,0x00000000d81d63a8,0x00000000d8300000)
  to   space 12288K, 0% used [0x00000000d8900000,0x00000000d8900000,0x00000000d9500000)
 ParOldGen       total 33280K, used 27773K [0x0000000081600000, 0x0000000083680000, 0x00000000d5d00000)
  object space 33280K, 83% used [0x0000000081600000,0x000000008311f7a8,0x0000000083680000)
 Metaspace       used 8163K, capacity 8820K, committed 8960K, reserved 1056768K
  class space    used 925K, capacity 944K, committed 1024K, reserved 1048576K
}
Event: 3.863 GC heap before
{Heap before GC invocations=19 (full 4):
 PSYoungGen      total 38912K, used 9560K [0x00000000d5d00000, 0x00000000d9500000, 0x0000000100000000)
  eden space 28160K, 0% used [0x00000000d5d00000,0x00000000d5d00000,0x00000000d7880000)
  from space 10752K, 88% used [0x00000000d7880000,0x00000000d81d63a8,0x00000000d8300000)
  to   space 12288K, 0% used [0x00000000d8900000,0x00000000d8900000,0x00000000d9500000)
 ParOldGen       total 33280K, used 27773K [0x0000000081600000, 0x0000000083680000, 0x00000000d5d00000)
  object space 33280K, 83% used [0x0000000081600000,0x000000008311f7a8,0x0000000083680000)
 Metaspace       used 8163K, capacity 8820K, committed 8960K, reserved 1056768K
  class space    used 925K, capacity 944K, committed 1024K, reserved 1048576K
Event: 4.066 GC heap after
Heap after GC invocations=19 (full 4):
 PSYoungGen      total 38912K, used 3763K [0x00000000d5d00000, 0x00000000d9500000, 0x0000000100000000)
  eden space 28160K, 0% used [0x00000000d5d00000,0x00000000d5d00000,0x00000000d7880000)
  from space 10752K, 35% used [0x00000000d7880000,0x00000000d7c2cd88,0x00000000d8300000)
  to   space 12288K, 0% used [0x00000000d8900000,0x00000000d8900000,0x00000000d9500000)
 ParOldGen       total 48640K, used 33053K [0x0000000081600000, 0x0000000084580000, 0x00000000d5d00000)
  object space 48640K, 67% used [0x0000000081600000,0x0000000083647440,0x0000000084580000)
 Metaspace       used 8163K, capacity 8820K, committed 8960K, reserved 1056768K
  class space    used 925K, capacity 944K, committed 1024K, reserved 1048576K
}
Event: 5.314 GC heap before
{Heap before GC invocations=20 (full 4):
 PSYoungGen      total 38912K, used 31923K [0x00000000d5d00000, 0x00000000d9500000, 0x0000000100000000)
  eden space 28160K, 100% used [0x00000000d5d00000,0x00000000d7880000,0x00000000d7880000)
  from space 10752K, 35% used [0x00000000d7880000,0x00000000d7c2cd88,0x00000000d8300000)
  to   space 12288K, 0% used [0x00000000d8900000,0x00000000d8900000,0x00000000d9500000)
 ParOldGen       total 48640K, used 33053K [0x0000000081600000, 0x0000000084580000, 0x00000000d5d00000)
  object space 48640K, 67% used [0x0000000081600000,0x0000000083647440,0x0000000084580000)
 Metaspace       used 9482K, capacity 9952K, committed 10112K, reserved 1058816K
  class space    used 1047K, capacity 1108K, committed 1152K, reserved 1048576K
Event: 5.343 GC heap after
Heap after GC invocations=20 (full 4):
 PSYoungGen      total 43008K, used 6137K [0x00000000d5d00000, 0x00000000d9400000, 0x0000000100000000)
  eden space 31744K, 0% used [0x00000000d5d00000,0x00000000d5d00000,0x00000000d7c00000)
  from space 11264K, 54% used [0x00000000d8900000,0x00000000d8efe618,0x00000000d9400000)
  to   space 12288K, 0% used [0x00000000d7c00000,0x00000000d7c00000,0x00000000d8800000)
 ParOldGen       total 48640K, used 33061K [0x0000000081600000, 0x0000000084580000, 0x00000000d5d00000)
  object space 48640K, 67% used [0x0000000081600000,0x0000000083649440,0x0000000084580000)
 Metaspace       used 9482K, capacity 9952K, committed 10112K, reserved 1058816K
  class space    used 1047K, capacity 1108K, committed 1152K, reserved 1048576K
}
Event: 6.848 GC heap before
{Heap before GC invocations=21 (full 4):
 PSYoungGen      total 43008K, used 37881K [0x00000000d5d00000, 0x00000000d9400000, 0x0000000100000000)
  eden space 31744K, 100% used [0x00000000d5d00000,0x00000000d7c00000,0x00000000d7c00000)
  from space 11264K, 54% used [0x00000000d8900000,0x00000000d8efe618,0x00000000d9400000)
  to   space 12288K, 0% used [0x00000000d7c00000,0x00000000d7c00000,0x00000000d8800000)
 ParOldGen       total 48640K, used 33061K [0x0000000081600000, 0x0000000084580000, 0x00000000d5d00000)
  object space 48640K, 67% used [0x0000000081600000,0x0000000083649440,0x0000000084580000)
 Metaspace       used 9988K, capacity 10336K, committed 10624K, reserved 1058816K
  class space    used 1048K, capacity 1108K, committed 1152K, reserved 1048576K
Event: 6.864 GC heap after
Heap after GC invocations=21 (full 4):
 PSYoungGen      total 44032K, used 8584K [0x00000000d5d00000, 0x00000000d9400000, 0x0000000100000000)
  eden space 31744K, 0% used [0x00000000d5d00000,0x00000000d5d00000,0x00000000d7c00000)
  from space 12288K, 69% used [0x00000000d7c00000,0x00000000d84621e8,0x00000000d8800000)
  to   space 11264K, 0% used [0x00000000d8900000,0x00000000d8900000,0x00000000d9400000)
 ParOldGen       total 48640K, used 33069K [0x0000000081600000, 0x0000000084580000, 0x00000000d5d00000)
  object space 48640K, 67% used [0x0000000081600000,0x000000008364b440,0x0000000084580000)
 Metaspace       used 9988K, capacity 10336K, committed 10624K, reserved 1058816K
  class space    used 1048K, capacity 1108K, committed 1152K, reserved 1048576K
}

Deoptimization events (10 events):
Event: 6.027 Thread 0x0000000002912800 Uncommon trap: reason=class_check action=maybe_recompile pc=0x0000000003275294 method=com.sun.tools.javac.util.ListBuffer.addAll(Ljava/util/Collection;)Z @ 1
Event: 6.031 Thread 0x0000000002912800 Uncommon trap: reason=class_check action=maybe_recompile pc=0x0000000003275294 method=com.sun.tools.javac.util.ListBuffer.addAll(Ljava/util/Collection;)Z @ 1
Event: 6.041 Thread 0x0000000002912800 Uncommon trap: reason=class_check action=maybe_recompile pc=0x00000000031fa934 method=com.sun.tools.javac.code.Types.isAssignable(Lcom/sun/tools/javac/code/Type;Lcom/sun/tools/javac/code/Type;Lcom/sun/tools/javac/util/Warner;)Z @ 26
Event: 6.244 Thread 0x0000000002912800 Uncommon trap: reason=class_check action=maybe_recompile pc=0x0000000002cb17a0 method=com.sun.tools.javac.code.Types$HasSameArgs.visitMethodType(Lcom/sun/tools/javac/code/Type$MethodType;Ljava/lang/Object;)Ljava/lang/Object; @ 3
Event: 6.244 Thread 0x0000000002912800 Uncommon trap: reason=class_check action=maybe_recompile pc=0x0000000002cb17a0 method=com.sun.tools.javac.code.Types$HasSameArgs.visitMethodType(Lcom/sun/tools/javac/code/Type$MethodType;Ljava/lang/Object;)Ljava/lang/Object; @ 3
Event: 6.244 Thread 0x0000000002912800 Uncommon trap: reason=class_check action=maybe_recompile pc=0x0000000002cb17a0 method=com.sun.tools.javac.code.Types$HasSameArgs.visitMethodType(Lcom/sun/tools/javac/code/Type$MethodType;Ljava/lang/Object;)Ljava/lang/Object; @ 3
Event: 6.250 Thread 0x0000000002912800 Uncommon trap: reason=class_check action=maybe_recompile pc=0x0000000002cb17a0 method=com.sun.tools.javac.code.Types$HasSameArgs.visitMethodType(Lcom/sun/tools/javac/code/Type$MethodType;Ljava/lang/Object;)Ljava/lang/Object; @ 3
Event: 6.269 Thread 0x0000000002912800 Uncommon trap: reason=class_check action=maybe_recompile pc=0x0000000003275294 method=com.sun.tools.javac.util.ListBuffer.addAll(Ljava/util/Collection;)Z @ 1
Event: 6.609 Thread 0x0000000002912800 Uncommon trap: reason=class_check action=maybe_recompile pc=0x0000000003275294 method=com.sun.tools.javac.util.ListBuffer.addAll(Ljava/util/Collection;)Z @ 1
Event: 6.809 Thread 0x0000000002912800 Uncommon trap: reason=class_check action=maybe_recompile pc=0x000000000339e6d0 method=com.sun.tools.javac.code.Types.resultSubtype(Lcom/sun/tools/javac/code/Type;Lcom/sun/tools/javac/code/Type;Lcom/sun/tools/javac/util/Warner;)Z @ 1

Internal exceptions (8 events):
Event: 0.070 Thread 0x0000000002912800 Exception <a 'java/lang/NoSuchMethodError': Method sun.misc.Unsafe.defineClass(Ljava/lang/String;[BII)Ljava/lang/Class; name or signature does not match> (0x00000000d5d07cd8) thrown at [C:\re\workspace\8-2-build-windows-amd64-cygwin\jdk8u131\8869\hotspot\
Event: 0.070 Thread 0x0000000002912800 Exception <a 'java/lang/NoSuchMethodError': Method sun.misc.Unsafe.prefetchRead(Ljava/lang/Object;J)V name or signature does not match> (0x00000000d5d07fc0) thrown at [C:\re\workspace\8-2-build-windows-amd64-cygwin\jdk8u131\8869\hotspot\src\share\vm\prims
Event: 0.365 Thread 0x0000000002912800 Exception <a 'java/security/PrivilegedActionException'> (0x00000000d5e79d18) thrown at [C:\re\workspace\8-2-build-windows-amd64-cygwin\jdk8u131\8869\hotspot\src\share\vm\prims\jvm.cpp, line 1390]
Event: 0.365 Thread 0x0000000002912800 Exception <a 'java/security/PrivilegedActionException'> (0x00000000d5e7a110) thrown at [C:\re\workspace\8-2-build-windows-amd64-cygwin\jdk8u131\8869\hotspot\src\share\vm\prims\jvm.cpp, line 1390]
Event: 0.368 Thread 0x0000000002912800 Exception <a 'java/security/PrivilegedActionException'> (0x00000000d5e7e208) thrown at [C:\re\workspace\8-2-build-windows-amd64-cygwin\jdk8u131\8869\hotspot\src\share\vm\prims\jvm.cpp, line 1390]
Event: 0.368 Thread 0x0000000002912800 Exception <a 'java/security/PrivilegedActionException'> (0x00000000d5e7e600) thrown at [C:\re\workspace\8-2-build-windows-amd64-cygwin\jdk8u131\8869\hotspot\src\share\vm\prims\jvm.cpp, line 1390]
Event: 0.378 Thread 0x0000000002912800 Exception <a 'java/security/PrivilegedActionException'> (0x00000000d5d33a88) thrown at [C:\re\workspace\8-2-build-windows-amd64-cygwin\jdk8u131\8869\hotspot\src\share\vm\prims\jvm.cpp, line 1390]
Event: 0.378 Thread 0x0000000002912800 Exception <a 'java/security/PrivilegedActionException'> (0x00000000d5d33e80) thrown at [C:\re\workspace\8-2-build-windows-amd64-cygwin\jdk8u131\8869\hotspot\src\share\vm\prims\jvm.cpp, line 1390]

Events (10 events):
Event: 6.869 Executing VM operation: RevokeBias
Event: 6.869 Executing VM operation: RevokeBias done
Event: 6.870 Executing VM operation: RevokeBias
Event: 6.870 Executing VM operation: RevokeBias done
Event: 6.870 Executing VM operation: RevokeBias
Event: 6.870 Executing VM operation: RevokeBias done
Event: 6.870 Executing VM operation: BulkRevokeBias
Event: 6.870 Executing VM operation: BulkRevokeBias done
Event: 6.872 Thread 0x0000000018de8800 flushing nmethod 0x0000000002b28ed0
Event: 6.872 Thread 0x0000000018de8800 flushing nmethod 0x0000000002b3d710


Dynamic libraries:
0x00007ff741250000 - 0x00007ff741257000 	C:\Program Files\Java\jdk1.8.0_131\bin\javac.exe
0x00007ff9238b0000 - 0x00007ff923a91000 	C:\WINDOWS\SYSTEM32\ntdll.dll
0x00007ff920f10000 - 0x00007ff920fc2000 	C:\WINDOWS\System32\KERNEL32.DLL
0x00007ff91fdd0000 - 0x00007ff920043000 	C:\WINDOWS\System32\KERNELBASE.dll
0x00007ff91d4b0000 - 0x00007ff91d53b000 	C:\WINDOWS\SYSTEM32\apphelp.dll
0x00000000725a0000 - 0x00000000725cf000 	C:\Program Files\Java\jdk1.8.0_131\bin\jli.dll
0x00007ff920fd0000 - 0x00007ff921071000 	C:\WINDOWS\System32\ADVAPI32.dll
0x00007ff921250000 - 0x00007ff9212ee000 	C:\WINDOWS\System32\msvcrt.dll
0x00000000724c0000 - 0x0000000072592000 	C:\Program Files\Java\jdk1.8.0_131\bin\MSVCR100.dll
0x00007ff9234f0000 - 0x00007ff92354b000 	C:\WINDOWS\System32\sechost.dll
0x00007ff921330000 - 0x00007ff921454000 	C:\WINDOWS\System32\RPCRT4.dll
0x00007ff923360000 - 0x00007ff9234f0000 	C:\WINDOWS\System32\USER32.dll
0x00007ff91fc80000 - 0x00007ff91fca0000 	C:\WINDOWS\System32\win32u.dll
0x00007ff921300000 - 0x00007ff921328000 	C:\WINDOWS\System32\GDI32.dll
0x00007ff920ba0000 - 0x00007ff920d32000 	C:\WINDOWS\System32\gdi32full.dll
0x00007ff920b00000 - 0x00007ff920b9f000 	C:\WINDOWS\System32\msvcp_win.dll
0x00007ff909520000 - 0x00007ff909789000 	C:\WINDOWS\WinSxS\amd64_microsoft.windows.common-controls_6595b64144ccf1df_6.0.17134.345_none_fb429a5930656358\COMCTL32.dll
0x00007ff923550000 - 0x00007ff923873000 	C:\WINDOWS\System32\combase.dll
0x00007ff920050000 - 0x00007ff92014a000 	C:\WINDOWS\System32\ucrtbase.dll
0x00007ff91fd50000 - 0x00007ff91fdca000 	C:\WINDOWS\System32\bcryptPrimitives.dll
0x00007ff920da0000 - 0x00007ff920dcd000 	C:\WINDOWS\System32\IMM32.DLL
0x00000000723e0000 - 0x00000000724b2000 	C:\Program Files\Java\jdk1.8.0_131\jre\bin\msvcr100.dll
0x0000000071b40000 - 0x00000000723dc000 	C:\Program Files\Java\jdk1.8.0_131\jre\bin\server\jvm.dll
0x00007ff920e50000 - 0x00007ff920e58000 	C:\WINDOWS\System32\PSAPI.DLL
0x00007ff8f9850000 - 0x00007ff8f9859000 	C:\WINDOWS\SYSTEM32\WSOCK32.dll
0x00007ff919680000 - 0x00007ff9196a3000 	C:\WINDOWS\SYSTEM32\WINMM.dll
0x00007ff921080000 - 0x00007ff9210ec000 	C:\WINDOWS\System32\WS2_32.dll
0x00007ff910590000 - 0x00007ff91059a000 	C:\WINDOWS\SYSTEM32\VERSION.dll
0x00007ff919650000 - 0x00007ff91967a000 	C:\WINDOWS\SYSTEM32\winmmbase.dll
0x00007ff91fca0000 - 0x00007ff91fce9000 	C:\WINDOWS\System32\cfgmgr32.dll
0x0000000071b30000 - 0x0000000071b3f000 	C:\Program Files\Java\jdk1.8.0_131\jre\bin\verify.dll
0x0000000071b00000 - 0x0000000071b29000 	C:\Program Files\Java\jdk1.8.0_131\jre\bin\java.dll
0x0000000071ae0000 - 0x0000000071af6000 	C:\Program Files\Java\jdk1.8.0_131\jre\bin\zip.dll
0x00007ff921f20000 - 0x00007ff92335f000 	C:\WINDOWS\System32\SHELL32.dll
0x00007ff920e60000 - 0x00007ff920f09000 	C:\WINDOWS\System32\shcore.dll
0x00007ff9203f0000 - 0x00007ff920afd000 	C:\WINDOWS\System32\windows.storage.dll
0x00007ff921bf0000 - 0x00007ff921c41000 	C:\WINDOWS\System32\shlwapi.dll
0x00007ff91fc60000 - 0x00007ff91fc71000 	C:\WINDOWS\System32\kernel.appcore.dll
0x00007ff91fc40000 - 0x00007ff91fc5f000 	C:\WINDOWS\System32\profapi.dll
0x00007ff91fbf0000 - 0x00007ff91fc3c000 	C:\WINDOWS\System32\powrprof.dll
0x00007ff91fbc0000 - 0x00007ff91fbca000 	C:\WINDOWS\System32\FLTLIB.DLL

VM Arguments:
jvm_args: -Dapplication.home=C:\Program Files\Java\jdk1.8.0_131 -Xms8m -Dfile.encoding=UTF8 
java_command: com.sun.tools.javac.Main -d obj\Debug\android\bin\classes -classpath C:\Program Files (x86)\Microsoft Visual Studio\2017\Enterprise\Common7\IDE\ReferenceAssemblies\Microsoft\Framework\MonoAndroid\v8.1\mono.android.jar;obj\Debug\lp\10\jl\bin\classes.jar;obj\Debug\lp\11\jl\bin\classes.jar;obj\Debug\lp\12\jl\bin\classes.jar;obj\Debug\lp\13\jl\bin\classes.jar;obj\Debug\lp\14\jl\bin\classes.jar;obj\Debug\lp\15\jl\bin\classes.jar;obj\Debug\lp\16\jl\bin\classes.jar;obj\Debug\lp\17\jl\bin\classes.jar;obj\Debug\lp\18\jl\bin\classes.jar;obj\Debug\lp\19\jl\bin\classes.jar;obj\Debug\lp\2\jl\formsviewgroup.jar;obj\Debug\lp\20\jl\bin\classes.jar;obj\Debug\lp\21\jl\bin\classes.jar;obj\Debug\lp\3\jl\arch-core-common.jar;obj\Debug\lp\4\jl\arch-lifecycle-common.jar;obj\Debug\lp\5\jl\bin\classes.jar;obj\Debug\lp\6\jl\bin\classes.jar;obj\Debug\lp\8\jl\bin\classes.jar;obj\Debug\lp\9\jl\bin\classes.jar;obj\Debug\lp\7\jl\support-annotations.jar -bootclasspath C:\Program Files (x86)\Android\android-sdk\platforms\android-27\android.jar -encoding UTF-8 @C:\Users\Cleber\AppData\Local\Temp\tmpA073.tmp
java_class_path (initial): C:\Program Files\Java\jdk1.8.0_131/lib/tools.jar;C:\Program Files\Java\jdk1.8.0_131/classes
Launcher Type: SUN_STANDARD

Environment Variables:
PATH=C:\Program Files\Java\jdk1.8.0_131\bin;C:\Program Files (x86)\Intel\Intel(R) Management Engine Components\iCLS\;C:\Program Files\Intel\Intel(R) Management Engine Components\iCLS\;C:\WINDOWS\system32;C:\WINDOWS;C:\WINDOWS\System32\Wbem;C:\WINDOWS\System32\WindowsPowerShell\v1.0\;C:\Program Files\Microsoft SQL Server\130\Tools\Binn\;C:\Program Files\dotnet\;C:\Program Files\Microsoft SQL Server\Client SDK\ODBC\110\Tools\Binn\;C:\Program Files (x86)\Microsoft SQL Server\120\Tools\Binn\;C:\Program Files\Microsoft SQL Server\120\Tools\Binn\;C:\Program Files\Microsoft SQL Server\120\DTS\Binn\;C:\Program Files (x86)\Microsoft SQL Server\120\Tools\Binn\ManagementStudio\;C:\Program Files (x86)\Microsoft SQL Server\120\DTS\Binn\;C:\Program Files\Git\cmd;C:\Program Files\PuTTY\;C:\Program Files (x86)\Intel\Intel(R) Management Engine Components\DAL;C:\Program Files\Intel\Intel(R) Management Engine Components\DAL;C:\Program Files (x86)\Intel\Intel(R) Management Engine Components\IPT;C:\Program Files\Intel\Intel(R) Management Engine Components\IPT;C:\Program Files (x86)\NVIDIA Corporation\PhysX\Common;C:\WINDOWS\system32;C:\WINDOWS;C:\WINDOWS\System32\Wbem;C:\WINDOWS\System32\WindowsPowerShell\v1.0\;C:\WINDOWS\System32\OpenSSH\;C:\Program Files (x86)\Amazon\AWSCLI\;C:\Program Files\Microsoft VS Code\bin;D:\Wamp\bin\php\php5.3.5;C:\ProgramData\ComposerSetup\bin;C:\Users\Cleber\AppData\Local\Microsoft\WindowsApps;C:\Users\Cleber\AppData\Roaming\Composer\vendor\bin
USERNAME=Cleber
OS=Windows_NT
PROCESSOR_IDENTIFIER=Intel64 Family 6 Model 69 Stepping 1, GenuineIntel



---------------  S Y S T E M  ---------------

OS: Windows 10.0 , 64 bit Build 17134 (10.0.17134.1)

CPU:total 4 (initial active 4) (2 cores per cpu, 2 threads per core) family 6 model 69 stepping 1, cmov, cx8, fxsr, mmx, sse, sse2, sse3, ssse3, sse4.1, sse4.2, popcnt, avx, avx2, aes, clmul, erms, lzcnt, ht, tsc, tscinvbit, bmi1, bmi2

Memory: 4k page, physical 8291404k(1131244k free), swap 12485708k(3072k free)

vm_info: Java HotSpot(TM) 64-Bit Server VM (25.131-b11) for windows-amd64 JRE (1.8.0_131-b11), built on Mar 15 2017 01:23:53 by "java_re" with MS VC++ 10.0 (VS2010)

time: Mon Nov 12 17:02:55 2018
elapsed time: 6 seconds (0d 0h 0m 6s)

