#
# There is insufficient memory for the Java Runtime Environment to continue.
# Native memory allocation (malloc) failed to allocate 32744 bytes for ChunkPool::allocate
# Possible reasons:
#   The system is out of physical RAM or swap space
#   In 32 bit mode, the process size limit was hit
# Possible solutions:
#   Reduce memory load on the system
#   Increase physical memory or swap space
#   Check if swap backing store is full
#   Use 64 bit Java on a 64 bit OS
#   Decrease Java heap size (-Xmx/-Xms)
#   Decrease number of Java threads
#   Decrease Java thread stack sizes (-Xss)
#   Set larger code cache with -XX:ReservedCodeCacheSize=
# This output file may be truncated or incomplete.
#
#  Out of Memory Error (allocation.cpp:273), pid=13664, tid=0x0000000000003c40
#
# JRE version: Java(TM) SE Runtime Environment (8.0_131-b11) (build 1.8.0_131-b11)
# Java VM: Java HotSpot(TM) 64-Bit Server VM (25.131-b11 mixed mode windows-amd64 compressed oops)
# Failed to write core dump. Minidumps are not enabled by default on client versions of Windows
#

---------------  T H R E A D  ---------------

Current thread (0x00000000151f0000):  JavaThread "C2 CompilerThread0" daemon [_thread_in_native, id=15424, stack(0x0000000016850000,0x0000000016950000)]

Stack: [0x0000000016850000,0x0000000016950000]
[error occurred during error reporting (printing stack bounds), id 0xc0000005]

Native frames: (J=compiled Java code, j=interpreted, Vv=VM code, C=native code)


Current CompileTask:
C2:   5255 1927       4       com.android.dx.ssa.SCCP::simulatePhiBlock (50 bytes)


---------------  P R O C E S S  ---------------

Java Threads: ( => current thread )
  0x0000000016dc9000 JavaThread "pool-2-thread-1" [_thread_blocked, id=11824, stack(0x0000000017250000,0x0000000017350000)]
  0x0000000016dc8000 JavaThread "pool-1-thread-1" [_thread_in_Java, id=14496, stack(0x0000000017150000,0x0000000017250000)]
  0x000000001524a000 JavaThread "Service Thread" daemon [_thread_blocked, id=9852, stack(0x0000000016f50000,0x0000000017050000)]
  0x000000001523d800 JavaThread "C1 CompilerThread2" daemon [_thread_blocked, id=496, stack(0x0000000016a50000,0x0000000016b50000)]
  0x00000000151f7000 JavaThread "C2 CompilerThread1" daemon [_thread_in_native, id=10500, stack(0x0000000016950000,0x0000000016a50000)]
=>0x00000000151f0000 JavaThread "C2 CompilerThread0" daemon [_thread_in_native, id=15424, stack(0x0000000016850000,0x0000000016950000)]
  0x00000000151ec800 JavaThread "Attach Listener" daemon [_thread_blocked, id=3956, stack(0x0000000016750000,0x0000000016850000)]
  0x00000000151eb000 JavaThread "Signal Dispatcher" daemon [_thread_blocked, id=4620, stack(0x0000000016650000,0x0000000016750000)]
  0x0000000002b1d800 JavaThread "Finalizer" daemon [_thread_blocked, id=14604, stack(0x0000000016440000,0x0000000016540000)]
  0x0000000002b12000 JavaThread "Reference Handler" daemon [_thread_blocked, id=14688, stack(0x0000000016340000,0x0000000016440000)]
  0x0000000002a22800 JavaThread "main" [_thread_in_Java, id=3716, stack(0x0000000002920000,0x0000000002a20000)]

Other Threads:
  0x00000000151b7000 VMThread [stack: 0x0000000016240000,0x0000000016340000] [id=14120]
  0x0000000016b7d000 WatcherThread [stack: 0x0000000017050000,0x0000000017150000] [id=10852]

VM state:not at safepoint (normal execution)

VM Mutex/Monitor currently owned by a thread: None

Heap:
 PSYoungGen      total 138240K, used 5693K [0x00000000eab00000, 0x00000000f3700000, 0x0000000100000000)
  eden space 133120K, 4% used [0x00000000eab00000,0x00000000eb08f718,0x00000000f2d00000)
  from space 5120K, 0% used [0x00000000f3200000,0x00000000f3200000,0x00000000f3700000)
  to   space 5120K, 0% used [0x00000000f2d00000,0x00000000f2d00000,0x00000000f3200000)
 ParOldGen       total 163840K, used 76941K [0x00000000c0000000, 0x00000000ca000000, 0x00000000eab00000)
  object space 163840K, 46% used [0x00000000c0000000,0x00000000c4b236d0,0x00000000ca000000)
 Metaspace       used 6678K, capacity 7256K, committed 7424K, reserved 1056768K
  class space    used 643K, capacity 656K, committed 768K, reserved 1048576K

Card table byte_map: [0x0000000011ee0000,0x00000000120f0000] byte_map_base: 0x00000000118e0000

Marking Bits: (ParMarkBitMap*) 0x000000007246c720
 Begin Bits: [0x0000000012650000, 0x0000000013650000)
 End Bits:   [0x0000000013650000, 0x0000000014650000)

Polling page: 0x0000000000a70000

CodeCache: size=245760Kb used=9107Kb max_used=9121Kb free=236652Kb
 bounds [0x0000000002b20000, 0x0000000003410000, 0x0000000011b20000]
 total_blobs=2367 nmethods=2096 adapters=183
 compilation: enabled

Compilation events (10 events):
Event: 4.505 Thread 0x00000000151f0000 nmethod 2159 0x000000000340b850 code [0x000000000340ba40, 0x000000000340c7a8]
Event: 4.505 Thread 0x00000000151f0000 1924       4       com.android.dx.ssa.SsaBasicBlock::forEachPhiInsn (54 bytes)
Event: 5.233 Thread 0x000000001523d800 2200       2       java.util.zip.ZipFile$ZipFileInflaterInputStream::finalize (5 bytes)
Event: 5.233 Thread 0x000000001523d800 nmethod 2200 0x00000000033c9490 code [0x00000000033c9600, 0x00000000033c9768]
Event: 5.233 Thread 0x000000001523d800 2201       2       java.util.zip.ZipFile$ZipFileInputStream::finalize (5 bytes)
Event: 5.233 Thread 0x000000001523d800 nmethod 2201 0x00000000033c9110 code [0x00000000033c9280, 0x00000000033c93e8]
Event: 5.234 Thread 0x000000001523d800 2202       1       java.lang.ref.Finalizer::access$000 (4 bytes)
Event: 5.234 Thread 0x000000001523d800 nmethod 2202 0x00000000032539d0 code [0x0000000003253b20, 0x0000000003253c10]
Event: 5.240 Thread 0x00000000151f0000 nmethod 1924 0x000000000340d050 code [0x000000000340d220, 0x000000000340dc88]
Event: 5.241 Thread 0x00000000151f0000 1927       4       com.android.dx.ssa.SCCP::simulatePhiBlock (50 bytes)

GC Heap History (10 events):
Event: 1.676 GC heap before
{Heap before GC invocations=3 (full 0):
 PSYoungGen      total 71680K, used 71674K [0x00000000eab00000, 0x00000000ef600000, 0x0000000100000000)
  eden space 66560K, 100% used [0x00000000eab00000,0x00000000eec00000,0x00000000eec00000)
  from space 5120K, 99% used [0x00000000ef100000,0x00000000ef5feaa0,0x00000000ef600000)
  to   space 5120K, 0% used [0x00000000eec00000,0x00000000eec00000,0x00000000ef100000)
 ParOldGen       total 87552K, used 6296K [0x00000000c0000000, 0x00000000c5580000, 0x00000000eab00000)
  object space 87552K, 7% used [0x00000000c0000000,0x00000000c06260e8,0x00000000c5580000)
 Metaspace       used 6326K, capacity 7128K, committed 7424K, reserved 1056768K
  class space    used 607K, capacity 656K, committed 768K, reserved 1048576K
Event: 1.704 GC heap after
Heap after GC invocations=3 (full 0):
 PSYoungGen      total 71680K, used 5098K [0x00000000eab00000, 0x00000000f3700000, 0x0000000100000000)
  eden space 66560K, 0% used [0x00000000eab00000,0x00000000eab00000,0x00000000eec00000)
  from space 5120K, 99% used [0x00000000eec00000,0x00000000ef0faa00,0x00000000ef100000)
  to   space 5120K, 0% used [0x00000000f3200000,0x00000000f3200000,0x00000000f3700000)
 ParOldGen       total 87552K, used 19291K [0x00000000c0000000, 0x00000000c5580000, 0x00000000eab00000)
  object space 87552K, 22% used [0x00000000c0000000,0x00000000c12d6f28,0x00000000c5580000)
 Metaspace       used 6326K, capacity 7128K, committed 7424K, reserved 1056768K
  class space    used 607K, capacity 656K, committed 768K, reserved 1048576K
}
Event: 2.010 GC heap before
{Heap before GC invocations=4 (full 0):
 PSYoungGen      total 71680K, used 71658K [0x00000000eab00000, 0x00000000f3700000, 0x0000000100000000)
  eden space 66560K, 100% used [0x00000000eab00000,0x00000000eec00000,0x00000000eec00000)
  from space 5120K, 99% used [0x00000000eec00000,0x00000000ef0faa00,0x00000000ef100000)
  to   space 5120K, 0% used [0x00000000f3200000,0x00000000f3200000,0x00000000f3700000)
 ParOldGen       total 87552K, used 19291K [0x00000000c0000000, 0x00000000c5580000, 0x00000000eab00000)
  object space 87552K, 22% used [0x00000000c0000000,0x00000000c12d6f28,0x00000000c5580000)
 Metaspace       used 6356K, capacity 7128K, committed 7424K, reserved 1056768K
  class space    used 607K, capacity 656K, committed 768K, reserved 1048576K
Event: 2.049 GC heap after
Heap after GC invocations=4 (full 0):
 PSYoungGen      total 138240K, used 5116K [0x00000000eab00000, 0x00000000f3700000, 0x0000000100000000)
  eden space 133120K, 0% used [0x00000000eab00000,0x00000000eab00000,0x00000000f2d00000)
  from space 5120K, 99% used [0x00000000f3200000,0x00000000f36ff280,0x00000000f3700000)
  to   space 5120K, 0% used [0x00000000f2d00000,0x00000000f2d00000,0x00000000f3200000)
 ParOldGen       total 87552K, used 34106K [0x00000000c0000000, 0x00000000c5580000, 0x00000000eab00000)
  object space 87552K, 38% used [0x00000000c0000000,0x00000000c214e870,0x00000000c5580000)
 Metaspace       used 6356K, capacity 7128K, committed 7424K, reserved 1056768K
  class space    used 607K, capacity 656K, committed 768K, reserved 1048576K
}
Event: 3.467 GC heap before
{Heap before GC invocations=5 (full 0):
 PSYoungGen      total 138240K, used 138236K [0x00000000eab00000, 0x00000000f3700000, 0x0000000100000000)
  eden space 133120K, 100% used [0x00000000eab00000,0x00000000f2d00000,0x00000000f2d00000)
  from space 5120K, 99% used [0x00000000f3200000,0x00000000f36ff280,0x00000000f3700000)
  to   space 5120K, 0% used [0x00000000f2d00000,0x00000000f2d00000,0x00000000f3200000)
 ParOldGen       total 87552K, used 34106K [0x00000000c0000000, 0x00000000c5580000, 0x00000000eab00000)
  object space 87552K, 38% used [0x00000000c0000000,0x00000000c214e870,0x00000000c5580000)
 Metaspace       used 6619K, capacity 7192K, committed 7424K, reserved 1056768K
  class space    used 642K, capacity 656K, committed 768K, reserved 1048576K
Event: 3.518 GC heap after
Heap after GC invocations=5 (full 0):
 PSYoungGen      total 138240K, used 5110K [0x00000000eab00000, 0x00000000f3700000, 0x0000000100000000)
  eden space 133120K, 0% used [0x00000000eab00000,0x00000000eab00000,0x00000000f2d00000)
  from space 5120K, 99% used [0x00000000f2d00000,0x00000000f31fdbc0,0x00000000f3200000)
  to   space 5120K, 0% used [0x00000000f3200000,0x00000000f3200000,0x00000000f3700000)
 ParOldGen       total 87552K, used 57764K [0x00000000c0000000, 0x00000000c5580000, 0x00000000eab00000)
  object space 87552K, 65% used [0x00000000c0000000,0x00000000c3869120,0x00000000c5580000)
 Metaspace       used 6619K, capacity 7192K, committed 7424K, reserved 1056768K
  class space    used 642K, capacity 656K, committed 768K, reserved 1048576K
}
Event: 4.512 GC heap before
{Heap before GC invocations=6 (full 0):
 PSYoungGen      total 138240K, used 138230K [0x00000000eab00000, 0x00000000f3700000, 0x0000000100000000)
  eden space 133120K, 100% used [0x00000000eab00000,0x00000000f2d00000,0x00000000f2d00000)
  from space 5120K, 99% used [0x00000000f2d00000,0x00000000f31fdbc0,0x00000000f3200000)
  to   space 5120K, 0% used [0x00000000f3200000,0x00000000f3200000,0x00000000f3700000)
 ParOldGen       total 87552K, used 57764K [0x00000000c0000000, 0x00000000c5580000, 0x00000000eab00000)
  object space 87552K, 65% used [0x00000000c0000000,0x00000000c3869120,0x00000000c5580000)
 Metaspace       used 6678K, capacity 7256K, committed 7424K, reserved 1056768K
  class space    used 643K, capacity 656K, committed 768K, reserved 1048576K
Event: 4.559 GC heap after
Heap after GC invocations=6 (full 0):
 PSYoungGen      total 138240K, used 5103K [0x00000000eab00000, 0x00000000f3700000, 0x0000000100000000)
  eden space 133120K, 0% used [0x00000000eab00000,0x00000000eab00000,0x00000000f2d00000)
  from space 5120K, 99% used [0x00000000f3200000,0x00000000f36fbf38,0x00000000f3700000)
  to   space 5120K, 0% used [0x00000000f2d00000,0x00000000f2d00000,0x00000000f3200000)
 ParOldGen       total 87552K, used 76517K [0x00000000c0000000, 0x00000000c5580000, 0x00000000eab00000)
  object space 87552K, 87% used [0x00000000c0000000,0x00000000c4ab95f8,0x00000000c5580000)
 Metaspace       used 6678K, capacity 7256K, committed 7424K, reserved 1056768K
  class space    used 643K, capacity 656K, committed 768K, reserved 1048576K
}
Event: 4.559 GC heap before
{Heap before GC invocations=7 (full 1):
 PSYoungGen      total 138240K, used 5103K [0x00000000eab00000, 0x00000000f3700000, 0x0000000100000000)
  eden space 133120K, 0% used [0x00000000eab00000,0x00000000eab00000,0x00000000f2d00000)
  from space 5120K, 99% used [0x00000000f3200000,0x00000000f36fbf38,0x00000000f3700000)
  to   space 5120K, 0% used [0x00000000f2d00000,0x00000000f2d00000,0x00000000f3200000)
 ParOldGen       total 87552K, used 76517K [0x00000000c0000000, 0x00000000c5580000, 0x00000000eab00000)
  object space 87552K, 87% used [0x00000000c0000000,0x00000000c4ab95f8,0x00000000c5580000)
 Metaspace       used 6678K, capacity 7256K, committed 7424K, reserved 1056768K
  class space    used 643K, capacity 656K, committed 768K, reserved 1048576K
Event: 5.233 GC heap after
Heap after GC invocations=7 (full 1):
 PSYoungGen      total 138240K, used 0K [0x00000000eab00000, 0x00000000f3700000, 0x0000000100000000)
  eden space 133120K, 0% used [0x00000000eab00000,0x00000000eab00000,0x00000000f2d00000)
  from space 5120K, 0% used [0x00000000f3200000,0x00000000f3200000,0x00000000f3700000)
  to   space 5120K, 0% used [0x00000000f2d00000,0x00000000f2d00000,0x00000000f3200000)
 ParOldGen       total 163840K, used 76941K [0x00000000c0000000, 0x00000000ca000000, 0x00000000eab00000)
  object space 163840K, 46% used [0x00000000c0000000,0x00000000c4b236d0,0x00000000ca000000)
 Metaspace       used 6678K, capacity 7256K, committed 7424K, reserved 1056768K
  class space    used 643K, capacity 656K, committed 768K, reserved 1048576K
}

Deoptimization events (10 events):
Event: 3.593 Thread 0x0000000016dc8000 Uncommon trap: reason=null_check action=make_not_entrant pc=0x0000000002dd95a8 method=com.android.dx.rop.type.Type.equals(Ljava/lang/Object;)Z @ 8
Event: 3.605 Thread 0x0000000002a22800 Uncommon trap: reason=class_check action=maybe_recompile pc=0x0000000003347aa4 method=com.android.dx.ssa.SCCP.simulatePhi(Lcom/android/dx/ssa/PhiInsn;)V @ 124
Event: 3.617 Thread 0x0000000002a22800 Uncommon trap: reason=unstable_if action=reinterpret pc=0x0000000002c83174 method=java.util.regex.Pattern$BnM.match(Ljava/util/regex/Matcher;ILjava/lang/CharSequence;)Z @ 34
Event: 3.736 Thread 0x0000000002a22800 Uncommon trap: reason=unstable_if action=reinterpret pc=0x000000000323ce04 method=com.android.dx.ssa.SsaMethod.onSourcesChanged(Lcom/android/dx/ssa/SsaInsn;Lcom/android/dx/rop/code/RegisterSpecList;)V @ 9
Event: 3.736 Thread 0x0000000002a22800 Uncommon trap: reason=unstable_if action=reinterpret pc=0x0000000002e5641c method=com.android.dx.ssa.SsaMethod.updateOneDefinition(Lcom/android/dx/ssa/SsaInsn;Lcom/android/dx/rop/code/RegisterSpec;)V @ 4
Event: 3.756 Thread 0x0000000016dc8000 Uncommon trap: reason=class_check action=maybe_recompile pc=0x0000000003347aa4 method=com.android.dx.ssa.SCCP.simulatePhi(Lcom/android/dx/ssa/PhiInsn;)V @ 124
Event: 3.957 Thread 0x0000000016dc8000 Uncommon trap: reason=unstable_if action=reinterpret pc=0x0000000003390e44 method=com.android.dx.ssa.SsaMethod.isRegALocal(Lcom/android/dx/rop/code/RegisterSpec;)Z @ 19
Event: 4.049 Thread 0x0000000016dc8000 Uncommon trap: reason=class_check action=maybe_recompile pc=0x0000000003347aa4 method=com.android.dx.ssa.SCCP.simulatePhi(Lcom/android/dx/ssa/PhiInsn;)V @ 124
Event: 4.254 Thread 0x0000000002a22800 Uncommon trap: reason=class_check action=maybe_recompile pc=0x0000000003347aa4 method=com.android.dx.ssa.SCCP.simulatePhi(Lcom/android/dx/ssa/PhiInsn;)V @ 124
Event: 4.342 Thread 0x0000000016dc8000 Uncommon trap: reason=bimorphic action=maybe_recompile pc=0x000000000325e62c method=java.util.HashMap.getNode(ILjava/lang/Object;)Ljava/util/HashMap$Node; @ 126

Internal exceptions (7 events):
Event: 0.043 Thread 0x0000000002a22800 Exception <a 'java/lang/NoSuchMethodError': Method sun.misc.Unsafe.defineClass(Ljava/lang/String;[BII)Ljava/lang/Class; name or signature does not match> (0x00000000eab07ca8) thrown at [C:\re\workspace\8-2-build-windows-amd64-cygwin\jdk8u131\8869\hotspot\
Event: 0.043 Thread 0x0000000002a22800 Exception <a 'java/lang/NoSuchMethodError': Method sun.misc.Unsafe.prefetchRead(Ljava/lang/Object;J)V name or signature does not match> (0x00000000eab07f90) thrown at [C:\re\workspace\8-2-build-windows-amd64-cygwin\jdk8u131\8869\hotspot\src\share\vm\prims
Event: 2.619 Thread 0x0000000016dc8000 Exception <a 'java/lang/ArrayIndexOutOfBoundsException': 18> (0x00000000edda9968) thrown at [C:\re\workspace\8-2-build-windows-amd64-cygwin\jdk8u131\8869\hotspot\src\share\vm\interpreter\interpreterRuntime.cpp, line 366]
Event: 2.619 Thread 0x0000000016dc8000 Exception <a 'java/lang/ArrayIndexOutOfBoundsException': 145> (0x00000000eddab4e8) thrown at [C:\re\workspace\8-2-build-windows-amd64-cygwin\jdk8u131\8869\hotspot\src\share\vm\interpreter\interpreterRuntime.cpp, line 366]
Event: 2.622 Thread 0x0000000016dc8000 Exception <a 'java/lang/ArrayIndexOutOfBoundsException'> (0x00000000eddac7d0) thrown at [C:\re\workspace\8-2-build-windows-amd64-cygwin\jdk8u131\8869\hotspot\src\share\vm\runtime\sharedRuntime.cpp, line 605]
Event: 3.593 Thread 0x0000000016dc8000 Implicit null exception at 0x0000000002dd94a2 to 0x0000000002dd959a
Event: 3.736 Thread 0x0000000002a22800 Implicit null exception at 0x000000000323c53e to 0x000000000323cded

Events (10 events):
Event: 4.254 Thread 0x0000000002a22800 DEOPT UNPACKING pc=0x0000000002b6582a sp=0x0000000002a1e288 mode 2
Event: 4.314 Thread 0x0000000016dc8000 DEOPT PACKING pc=0x000000000337fd98 sp=0x000000001724e490
Event: 4.314 Thread 0x0000000016dc8000 DEOPT UNPACKING pc=0x0000000002b6787f sp=0x000000001724e210 mode 0
Event: 4.342 Thread 0x0000000016dc8000 Uncommon trap: trap_request=0xffffffc6 fr.pc=0x000000000325e62c
Event: 4.342 Thread 0x0000000016dc8000 DEOPT PACKING pc=0x000000000325e62c sp=0x000000001724e4d0
Event: 4.342 Thread 0x0000000016dc8000 DEOPT UNPACKING pc=0x0000000002b6582a sp=0x000000001724e3e8 mode 2
Event: 4.454 Thread 0x0000000016dc8000 DEOPT PACKING pc=0x00000000030cde73 sp=0x000000001724e690
Event: 4.455 Thread 0x0000000016dc8000 DEOPT UNPACKING pc=0x0000000002b6787f sp=0x000000001724e3e0 mode 0
Event: 4.512 Executing VM operation: ParallelGCFailedAllocation
Event: 5.233 Executing VM operation: ParallelGCFailedAllocation done


Dynamic libraries:
0x00007ff7314e0000 - 0x00007ff731517000 	C:\Program Files\Java\jdk1.8.0_131\bin\java.exe
0x00007ff9238b0000 - 0x00007ff923a91000 	C:\WINDOWS\SYSTEM32\ntdll.dll
0x00007ff920f10000 - 0x00007ff920fc2000 	C:\WINDOWS\System32\KERNEL32.DLL
0x00007ff91fdd0000 - 0x00007ff920043000 	C:\WINDOWS\System32\KERNELBASE.dll
0x00007ff91d4b0000 - 0x00007ff91d53b000 	C:\WINDOWS\SYSTEM32\apphelp.dll
0x00007ff920fd0000 - 0x00007ff921071000 	C:\WINDOWS\System32\ADVAPI32.dll
0x00007ff921250000 - 0x00007ff9212ee000 	C:\WINDOWS\System32\msvcrt.dll
0x00007ff9234f0000 - 0x00007ff92354b000 	C:\WINDOWS\System32\sechost.dll
0x00007ff921330000 - 0x00007ff921454000 	C:\WINDOWS\System32\RPCRT4.dll
0x00007ff923360000 - 0x00007ff9234f0000 	C:\WINDOWS\System32\USER32.dll
0x00007ff91fc80000 - 0x00007ff91fca0000 	C:\WINDOWS\System32\win32u.dll
0x00007ff921300000 - 0x00007ff921328000 	C:\WINDOWS\System32\GDI32.dll
0x00007ff920ba0000 - 0x00007ff920d32000 	C:\WINDOWS\System32\gdi32full.dll
0x00007ff920b00000 - 0x00007ff920b9f000 	C:\WINDOWS\System32\msvcp_win.dll
0x00007ff920050000 - 0x00007ff92014a000 	C:\WINDOWS\System32\ucrtbase.dll
0x00007ff909520000 - 0x00007ff909789000 	C:\WINDOWS\WinSxS\amd64_microsoft.windows.common-controls_6595b64144ccf1df_6.0.17134.345_none_fb429a5930656358\COMCTL32.dll
0x00007ff923550000 - 0x00007ff923873000 	C:\WINDOWS\System32\combase.dll
0x00007ff91fd50000 - 0x00007ff91fdca000 	C:\WINDOWS\System32\bcryptPrimitives.dll
0x00007ff920da0000 - 0x00007ff920dcd000 	C:\WINDOWS\System32\IMM32.DLL
0x00000000724f0000 - 0x00000000725c2000 	C:\Program Files\Java\jdk1.8.0_131\jre\bin\msvcr100.dll
0x0000000071c50000 - 0x00000000724ec000 	C:\Program Files\Java\jdk1.8.0_131\jre\bin\server\jvm.dll
0x00007ff920e50000 - 0x00007ff920e58000 	C:\WINDOWS\System32\PSAPI.DLL
0x00007ff8f9850000 - 0x00007ff8f9859000 	C:\WINDOWS\SYSTEM32\WSOCK32.dll
0x00007ff910590000 - 0x00007ff91059a000 	C:\WINDOWS\SYSTEM32\VERSION.dll
0x00007ff919680000 - 0x00007ff9196a3000 	C:\WINDOWS\SYSTEM32\WINMM.dll
0x00007ff921080000 - 0x00007ff9210ec000 	C:\WINDOWS\System32\WS2_32.dll
0x00007ff919650000 - 0x00007ff91967a000 	C:\WINDOWS\SYSTEM32\winmmbase.dll
0x00007ff91fca0000 - 0x00007ff91fce9000 	C:\WINDOWS\System32\cfgmgr32.dll
0x0000000071c40000 - 0x0000000071c4f000 	C:\Program Files\Java\jdk1.8.0_131\jre\bin\verify.dll
0x0000000071c10000 - 0x0000000071c39000 	C:\Program Files\Java\jdk1.8.0_131\jre\bin\java.dll
0x0000000071bf0000 - 0x0000000071c06000 	C:\Program Files\Java\jdk1.8.0_131\jre\bin\zip.dll
0x00007ff921f20000 - 0x00007ff92335f000 	C:\WINDOWS\System32\SHELL32.dll
0x00007ff920e60000 - 0x00007ff920f09000 	C:\WINDOWS\System32\shcore.dll
0x00007ff9203f0000 - 0x00007ff920afd000 	C:\WINDOWS\System32\windows.storage.dll
0x00007ff921bf0000 - 0x00007ff921c41000 	C:\WINDOWS\System32\shlwapi.dll
0x00007ff91fc60000 - 0x00007ff91fc71000 	C:\WINDOWS\System32\kernel.appcore.dll
0x00007ff91fc40000 - 0x00007ff91fc5f000 	C:\WINDOWS\System32\profapi.dll
0x00007ff91fbf0000 - 0x00007ff91fc3c000 	C:\WINDOWS\System32\powrprof.dll
0x00007ff91fbc0000 - 0x00007ff91fbca000 	C:\WINDOWS\System32\FLTLIB.DLL

VM Arguments:
jvm_args: -Xmx1G 
java_command: C:\Program Files (x86)\Android\android-sdk\build-tools\25.0.3\\lib\dx.jar --dex --no-strict --output obj\Debug\android\bin D:\AppIsphereTravelers\AppIsphereTravelers\AppIsphereTravelers.Android\obj\Debug\android\bin\classes.zip C:\Program Files (x86)\Microsoft Visual Studio\2017\Enterprise\Common7\IDE\ReferenceAssemblies\Microsoft\Framework\MonoAndroid\v8.1\mono.android.jar obj\Debug\lp\1\jl\formsviewgroup.jar obj\Debug\lp\10\jl\arch-core-common.jar obj\Debug\lp\11\jl\arch-lifecycle-common.jar obj\Debug\lp\12\jl\bin\classes.jar obj\Debug\lp\13\jl\bin\classes.jar obj\Debug\lp\15\jl\bin\classes.jar obj\Debug\lp\16\jl\bin\classes.jar obj\Debug\lp\17\jl\bin\classes.jar obj\Debug\lp\18\jl\bin\classes.jar obj\Debug\lp\19\jl\bin\classes.jar obj\Debug\lp\20\jl\bin\classes.jar obj\Debug\lp\21\jl\bin\classes.jar obj\Debug\lp\22\jl\bin\classes.jar obj\Debug\lp\23\jl\bin\classes.jar obj\Debug\lp\24\jl\bin\classes.jar obj\Debug\lp\25\jl\bin\classes.jar obj\Debug\lp\26\jl\bin\classes.jar obj\Debug\lp\27\jl\bin\classes.jar obj\Debug\lp\28\jl\bin\classes.jar
java_class_path (initial): C:\Program Files (x86)\Android\android-sdk\build-tools\25.0.3\\lib\dx.jar
Launcher Type: SUN_STANDARD

Environment Variables:
PATH=C:\Program Files\Java\jdk1.8.0_131\bin;C:\Program Files (x86)\Intel\Intel(R) Management Engine Components\iCLS\;C:\Program Files\Intel\Intel(R) Management Engine Components\iCLS\;C:\WINDOWS\system32;C:\WINDOWS;C:\WINDOWS\System32\Wbem;C:\WINDOWS\System32\WindowsPowerShell\v1.0\;C:\Program Files\Microsoft SQL Server\130\Tools\Binn\;C:\Program Files\dotnet\;C:\Program Files\Microsoft SQL Server\Client SDK\ODBC\110\Tools\Binn\;C:\Program Files (x86)\Microsoft SQL Server\120\Tools\Binn\;C:\Program Files\Microsoft SQL Server\120\Tools\Binn\;C:\Program Files\Microsoft SQL Server\120\DTS\Binn\;C:\Program Files (x86)\Microsoft SQL Server\120\Tools\Binn\ManagementStudio\;C:\Program Files (x86)\Microsoft SQL Server\120\DTS\Binn\;C:\Program Files\Git\cmd;C:\Program Files\PuTTY\;C:\Program Files (x86)\Intel\Intel(R) Management Engine Components\DAL;C:\Program Files\Intel\Intel(R) Management Engine Components\DAL;C:\Program Files (x86)\Intel\Intel(R) Management Engine Components\IPT;C:\Program Files\Intel\Intel(R) Management Engine Components\IPT;C:\Program Files (x86)\NVIDIA Corporation\PhysX\Common;C:\WINDOWS\system32;C:\WINDOWS;C:\WINDOWS\System32\Wbem;C:\WINDOWS\System32\WindowsPowerShell\v1.0\;C:\WINDOWS\System32\OpenSSH\;C:\Program Files (x86)\Amazon\AWSCLI\;C:\Program Files\Microsoft VS Code\bin;D:\Wamp\bin\php\php5.3.5;C:\ProgramData\ComposerSetup\bin;C:\Users\Cleber\AppData\Local\Microsoft\WindowsApps;C:\Users\Cleber\AppData\Roaming\Composer\vendor\bin
USERNAME=Cleber
OS=Windows_NT
PROCESSOR_IDENTIFIER=Intel64 Family 6 Model 69 Stepping 1, GenuineIntel



---------------  S Y S T E M  ---------------

OS: Windows 10.0 , 64 bit Build 17134 (10.0.17134.1)

CPU:total 4 (initial active 4) (2 cores per cpu, 2 threads per core) family 6 model 69 stepping 1, cmov, cx8, fxsr, mmx, sse, sse2, sse3, ssse3, sse4.1, sse4.2, popcnt, avx, avx2, aes, clmul, erms, lzcnt, ht, tsc, tscinvbit, bmi1, bmi2

Memory: 4k page, physical 8291404k(1071700k free), swap 12485708k(3080k free)

vm_info: Java HotSpot(TM) 64-Bit Server VM (25.131-b11) for windows-amd64 JRE (1.8.0_131-b11), built on Mar 15 2017 01:23:53 by "java_re" with MS VC++ 10.0 (VS2010)

time: Mon Nov 12 17:14:25 2018
elapsed time: 5 seconds (0d 0h 0m 5s)

